<?xml version="1.0" encoding="utf-8"?><testsuites name="pytest tests"><testsuite name="pytest" errors="0" failures="0" skipped="0" tests="151" time="5.242" timestamp="2026-07-28T14:05:30.961082+08:00" hostname="tssz"><testcase classname="tests.e2e.test_database_upgrade_flow" name="test_database_v1_notification_table_upgrades_to_current" time="0.055" /><testcase classname="tests.e2e.test_demo_and_release_assets" name="test_demo_create_and_reset_are_safe" time="0.094" /><testcase classname="tests.e2e.test_demo_and_release_assets" name="test_evaluation_dataset_has_at_least_50_samples" time="0.017" /><testcase classname="tests.e2e.test_demo_and_release_assets" name="test_secret_scan_script_reports_no_real_secrets" time="0.040" /><testcase classname="tests.e2e.test_full_local_flow" name="test_full_local_commit_worklog_weekly_flow" time="0.442" /><testcase classname="tests.e2e.test_full_local_flow" name="test_security_block_flow_does_not_call_remote_ai" time="0.139" /><testcase classname="tests.integration.test_check_command" name="test_check_command_allows_safe_staged_diff" time="0.096" /><testcase classname="tests.integration.test_check_command" name="test_check_command_json_blocks_token_without_leaking_value" time="0.087" /><testcase classname="tests.integration.test_check_command" name="test_check_command_blocks_private_key" time="0.073" /><testcase classname="tests.integration.test_check_command" name="test_check_command_allows_medium_and_low_after_masking" time="0.092" /><testcase classname="tests.integration.test_check_command" name="test_check_command_reports_empty_staged_diff" time="0.082" /><testcase classname="tests.integration.test_commit_command" name="test_commit_command_json_with_mock_provider" time="0.089" /><testcase classname="tests.integration.test_commit_command" name="test_commit_command_empty_staged_diff_exits_nonzero" time="0.067" /><testcase classname="tests.integration.test_commit_command" name="test_commit_command_security_block_does_not_leak_secret" time="0.132" /><testcase classname="tests.integration.test_feishu_cli" name="test_notify_weekly_preview_and_send" time="0.245" /><testcase classname="tests.integration.test_feishu_cli" name="test_weekly_send_feishu_requires_confirm" time="0.145" /><testcase classname="tests.integration.test_setup_doctor_data_cli" name="test_setup_preview_and_doctor_json" time="0.099" /><testcase classname="tests.integration.test_setup_doctor_data_cli" name="test_data_cli_info_backup_clear" time="0.092" /><testcase classname="tests.integration.test_setup_doctor_data_cli" name="test_release_check_json_reports_limitations" time="0.032" /><testcase classname="tests.integration.test_storage_cli" name="test_init_creates_database_and_repository" time="0.117" /><testcase classname="tests.integration.test_storage_cli" name="test_worklog_cli_crud_with_isolated_database" time="0.245" /><testcase classname="tests.integration.test_storage_cli" name="test_commit_save_and_history_cli" time="0.151" /><testcase classname="tests.integration.test_weekly_cli" name="test_weekly_cli_generates_json_and_markdown_export" time="0.256" /><testcase classname="tests.performance.test_local_benchmarks" name="test_database_initialize_under_basic_threshold" time="0.041" /><testcase classname="tests.performance.test_local_benchmarks" name="test_notification_render_under_basic_threshold" time="0.001" /><testcase classname="tests.unit.ai.test_commit_generator" name="test_commit_generator_calls_provider_with_sanitized_diff" time="0.003" /><testcase classname="tests.unit.ai.test_commit_generator" name="test_commit_generator_adds_validation_warnings_for_bad_evidence" time="0.002" /><testcase classname="tests.unit.ai.test_commit_validator" name="test_validator_accepts_conventional_subject" time="0.000" /><testcase classname="tests.unit.ai.test_commit_validator" name="test_validator_flags_low_quality_subject" time="0.000" /><testcase classname="tests.unit.ai.test_commit_validator" name="test_validator_checks_evidence_files" time="0.000" /><testcase classname="tests.unit.ai.test_mock_provider" name="test_mock_provider_returns_predefined_responses" time="0.000" /><testcase classname="tests.unit.ai.test_mock_provider" name="test_mock_provider_can_raise_error" time="0.000" /><testcase classname="tests.unit.ai.test_openai_provider" name="test_openai_provider_generates_response_from_mock_http" time="0.001" /><testcase classname="tests.unit.ai.test_openai_provider" name="test_openai_provider_allows_local_without_api_key" time="0.001" /><testcase classname="tests.unit.ai.test_openai_provider" name="test_openai_provider_requires_api_key_for_remote" time="0.000" /><testcase classname="tests.unit.ai.test_openai_provider" name="test_openai_provider_maps_http_errors[401-AIAuthenticationError]" time="0.001" /><testcase classname="tests.unit.ai.test_openai_provider" name="test_openai_provider_maps_http_errors[403-AIAuthenticationError]" time="0.001" /><testcase classname="tests.unit.ai.test_openai_provider" name="test_openai_provider_maps_http_errors[429-AIRateLimitError]" time="0.001" /><testcase classname="tests.unit.ai.test_openai_provider" name="test_openai_provider_maps_http_errors[500-AIProviderError]" time="0.001" /><testcase classname="tests.unit.ai.test_prompt_loader" name="test_prompt_loader_renders_explicit_placeholders" time="0.001" /><testcase classname="tests.unit.ai.test_prompt_loader" name="test_prompt_loader_rejects_missing_variable" time="0.001" /><testcase classname="tests.unit.ai.test_prompt_loader" name="test_project_prompts_exist_and_contain_diff_boundary" time="0.000" /><testcase classname="tests.unit.ai.test_response_parser" name="test_parser_accepts_plain_json" time="0.000" /><testcase classname="tests.unit.ai.test_response_parser" name="test_parser_extracts_markdown_json_block" time="0.000" /><testcase classname="tests.unit.ai.test_response_parser" name="test_parser_repairs_trailing_comma" time="0.000" /><testcase classname="tests.unit.ai.test_response_parser" name="test_parser_rejects_empty_or_invalid_schema" time="0.000" /><testcase classname="tests.unit.ai.test_topic_detector" name="test_topic_detector_detects_split_topics" time="0.002" /><testcase classname="tests.unit.ai.test_topic_detector" name="test_topic_detector_rejects_unknown_files" time="0.001" /><testcase classname="tests.unit.diagnostics.test_doctor" name="test_doctor_runs_with_temp_database" time="0.060" /><testcase classname="tests.unit.git.test_command_runner" name="test_runner_executes_git_command" time="0.003" /><testcase classname="tests.unit.git.test_command_runner" name="test_runner_raises_on_non_zero_exit" time="0.005" /><testcase classname="tests.unit.git.test_command_runner" name="test_runner_allows_non_zero_when_check_false" time="0.006" /><testcase classname="tests.unit.git.test_command_runner" name="test_runner_rejects_missing_working_directory" time="0.002" /><testcase classname="tests.unit.git.test_command_runner" name="test_runner_handles_paths_with_spaces" time="0.006" /><testcase classname="tests.unit.git.test_command_runner" name="test_runner_raises_timeout" time="0.002" /><testcase classname="tests.unit.git.test_diff_parser" name="test_parse_modified_file_patch" time="0.001" /><testcase classname="tests.unit.git.test_diff_parser" name="test_parse_added_and_deleted_files" time="0.001" /><testcase classname="tests.unit.git.test_diff_parser" name="test_parse_renamed_and_copied_files" time="0.001" /><testcase classname="tests.unit.git.test_diff_parser" name="test_parse_binary_file_patch" time="0.000" /><testcase classname="tests.unit.git.test_diff_parser" name="test_parse_numstat_z_for_normal_and_rename" time="0.000" /><testcase classname="tests.unit.git.test_diff_reader" name="test_read_staged_diff_for_added_file_with_chinese_path" time="0.023" /><testcase classname="tests.unit.git.test_diff_reader" name="test_read_unstaged_diff_for_modified_file" time="0.028" /><testcase classname="tests.unit.git.test_diff_reader" name="test_read_commit_and_range" time="0.055" /><testcase classname="tests.unit.git.test_diff_reader" name="test_read_diff_handles_rename_delete_binary_and_ignore" time="0.045" /><testcase classname="tests.unit.git.test_diff_reader" name="test_read_empty_staged_diff" time="0.038" /><testcase classname="tests.unit.git.test_diff_truncator" name="test_truncator_keeps_small_diff" time="0.000" /><testcase classname="tests.unit.git.test_diff_truncator" name="test_truncator_truncates_large_file" time="0.000" /><testcase classname="tests.unit.git.test_diff_truncator" name="test_truncator_truncates_total_size" time="0.000" /><testcase classname="tests.unit.git.test_diff_truncator" name="test_truncator_rejects_invalid_limits" time="0.000" /><testcase classname="tests.unit.git.test_file_filtering" name="test_file_filter_matches_configured_patterns" time="0.000" /><testcase classname="tests.unit.git.test_file_filtering" name="test_file_filter_does_not_match_similar_names" time="0.000" /><testcase classname="tests.unit.git.test_file_filtering" name="test_file_filter_can_ignore_binary_files" time="0.000" /><testcase classname="tests.unit.git.test_log_reader" name="test_log_reader_reads_date_range_and_chinese_message" time="0.023" /><testcase classname="tests.unit.git.test_log_reader" name="test_log_reader_filters_by_exact_author_email" time="0.056" /><testcase classname="tests.unit.git.test_log_reader" name="test_log_reader_limits_results" time="0.035" /><testcase classname="tests.unit.git.test_log_reader" name="test_log_reader_handles_empty_commit" time="0.024" /><testcase classname="tests.unit.git.test_repository" name="test_non_git_directory_is_reported" time="0.009" /><testcase classname="tests.unit.git.test_repository" name="test_empty_repository_has_no_head" time="0.026" /><testcase classname="tests.unit.git.test_repository" name="test_repository_info_reads_metadata" time="0.041" /><testcase classname="tests.unit.git.test_repository" name="test_repository_allows_missing_user_config" time="0.020" /><testcase classname="tests.unit.git.test_repository" name="test_repository_status_flags" time="0.037" /><testcase classname="tests.unit.git.test_repository" name="test_repository_detached_head_returns_no_branch" time="0.024" /><testcase classname="tests.unit.git.test_status_parser" name="test_parse_porcelain_status_z_handles_common_statuses" time="0.001" /><testcase classname="tests.unit.git.test_status_parser" name="test_parse_porcelain_status_z_handles_renames" time="0.001" /><testcase classname="tests.unit.integrations.test_feishu" name="test_feishu_signer_uses_official_algorithm" time="0.000" /><testcase classname="tests.unit.integrations.test_feishu" name="test_webhook_validator_allows_only_feishu_https_v2" time="0.000" /><testcase classname="tests.unit.integrations.test_feishu" name="test_feishu_response_parser_checks_business_code" time="0.000" /><testcase classname="tests.unit.integrations.test_feishu" name="test_feishu_client_adds_signature_and_parses_success" time="0.001" /><testcase classname="tests.unit.notifications.test_rendering" name="test_text_builder_omits_sources_by_default" time="0.001" /><testcase classname="tests.unit.notifications.test_rendering" name="test_renderer_builds_interactive_payload_and_hash" time="0.001" /><testcase classname="tests.unit.notifications.test_rendering" name="test_fingerprint_ignores_signature_fields" time="0.001" /><testcase classname="tests.unit.security.test_privacy_masker" name="test_masker_replaces_repeated_values_stably_without_public_original_mapping" time="0.004" /><testcase classname="tests.unit.security.test_privacy_masker" name="test_masker_preserves_non_sensitive_text" time="0.001" /><testcase classname="tests.unit.security.test_risk_classifier" name="test_classifier_blocks_critical_and_high_by_default" time="0.000" /><testcase classname="tests.unit.security.test_risk_classifier" name="test_classifier_blocks_scan_failure_by_default" time="0.000" /><testcase classname="tests.unit.security.test_risk_classifier" name="test_classifier_summarizes_findings" time="0.000" /><testcase classname="tests.unit.security.test_rule_registry" name="test_rule_registry_loads_builtin_rules" time="0.000" /><testcase classname="tests.unit.security.test_rule_registry" name="test_rule_registry_can_ignore_rules" time="0.000" /><testcase classname="tests.unit.security.test_rule_registry" name="test_rule_registry_loads_custom_rules" time="0.001" /><testcase classname="tests.unit.security.test_secret_scanner" name="test_scanner_detects_required_secret_rules_without_leaking_values" time="0.001" /><testcase classname="tests.unit.security.test_secret_scanner" name="test_scanner_ignores_env_password_and_placeholder" time="0.000" /><testcase classname="tests.unit.security.test_secret_scanner" name="test_scanner_detects_private_key_database_and_cloud_connection" time="0.000" /><testcase classname="tests.unit.security.test_secret_scanner" name="test_scanner_detects_privacy_and_network_rules" time="0.000" /><testcase classname="tests.unit.security.test_secret_scanner" name="test_scanner_calculates_line_and_limits_findings" time="0.000" /><testcase classname="tests.unit.security.test_secret_scanner" name="test_scan_collection_warns_for_truncated_file" time="0.000" /><testcase classname="tests.unit.security.test_security_config" name="test_security_config_defaults_are_safe" time="0.000" /><testcase classname="tests.unit.security.test_security_config" name="test_security_config_rejects_invalid_limits" time="0.000" /><testcase classname="tests.unit.security.test_security_config" name="test_security_config_rejects_duplicate_custom_pattern_ids" time="0.000" /><testcase classname="tests.unit.security.test_security_config" name="test_security_config_rejects_empty_matching_pattern" time="0.000" /><testcase classname="tests.unit.security.test_security_service" name="test_security_service_returns_sanitized_diff_and_blocks_high_risk" time="0.000" /><testcase classname="tests.unit.security.test_security_service" name="test_security_service_allows_sanitized_medium_and_low_risks" time="0.000" /><testcase classname="tests.unit.security.test_security_service" name="test_security_service_can_be_disabled" time="0.000" /><testcase classname="tests.unit.services.test_commit_persistence" name="test_commit_record_service_saves_confirmed_generation" time="0.184" /><testcase classname="tests.unit.services.test_data_service" name="test_data_service_info_backup_and_clear" time="0.068" /><testcase classname="tests.unit.services.test_history_service" name="test_history_service_lists_and_gets_commit_records" time="0.036" /><testcase classname="tests.unit.services.test_notification_service" name="test_notification_service_requires_confirmed_report" time="0.044" /><testcase classname="tests.unit.services.test_notification_service" name="test_notification_service_requires_explicit_confirmation" time="0.043" /><testcase classname="tests.unit.services.test_notification_service" name="test_notification_service_sends_and_records_success" time="0.059" /><testcase classname="tests.unit.services.test_worklog_service" name="test_worklog_service_create_update_list_delete" time="0.037" /><testcase classname="tests.unit.services.test_worklog_service" name="test_worklog_service_blocks_high_risk_secret" time="0.039" /><testcase classname="tests.unit.setup.test_config_writer" name="test_config_writer_does_not_write_secret_values_and_preserves_unknown" time="0.006" /><testcase classname="tests.unit.storage.test_database" name="test_database_initialize_creates_parent_and_schema" time="0.028" /><testcase classname="tests.unit.storage.test_database" name="test_database_initialize_is_idempotent" time="0.030" /><testcase classname="tests.unit.storage.test_database" name="test_session_scope_rolls_back_on_error" time="0.036" /><testcase classname="tests.unit.storage.test_database" name="test_migration_manager_reports_current_version" time="0.031" /><testcase classname="tests.unit.storage.test_notification_repository" name="test_notification_repository_status_and_duplicate_query" time="0.048" /><testcase classname="tests.unit.storage.test_notification_repository" name="test_notification_repository_rejects_illegal_transition" time="0.033" /><testcase classname="tests.unit.storage.test_repositories" name="test_repository_upsert_and_sanitize_remote" time="0.037" /><testcase classname="tests.unit.storage.test_repositories" name="test_commit_record_repository_create_and_query" time="0.040" /><testcase classname="tests.unit.storage.test_repositories" name="test_risk_repository_stores_masked_values" time="0.045" /><testcase classname="tests.unit.storage.test_repositories" name="test_worklog_repository_crud_and_filters" time="0.042" /><testcase classname="tests.unit.storage.test_repositories" name="test_unit_of_work_rolls_back_all_repositories" time="0.036" /><testcase classname="tests.unit.test_cli" name="test_help_lists_stage_one_commands" time="0.024" /><testcase classname="tests.unit.test_cli" name="test_version_option" time="0.015" /><testcase classname="tests.unit.test_cli" name="test_commit_command_reports_non_git_or_empty_state" time="0.081" /><testcase classname="tests.unit.test_cli" name="test_worklog_subcommands_help" time="0.022" /><testcase classname="tests.unit.test_commit_service" name="test_commit_service_generates_from_staged_diff" time="0.075" /><testcase classname="tests.unit.test_commit_service" name="test_commit_service_blocks_remote_on_high_risk" time="0.041" /><testcase classname="tests.unit.test_commit_service" name="test_commit_service_allows_local_with_sanitized_medium_risk" time="0.055" /><testcase classname="tests.unit.test_config" name="test_default_config_contains_safe_secret_env_names" time="0.000" /><testcase classname="tests.unit.test_config" name="test_invalid_commit_type_is_rejected" time="0.000" /><testcase classname="tests.unit.test_exceptions" name="test_custom_exceptions_share_base_type" time="0.000" /><testcase classname="tests.unit.test_version" name="test_get_version_returns_semver" time="0.001" /><testcase classname="tests.unit.weekly.test_date_range" name="test_current_week_monday_start" time="0.000" /><testcase classname="tests.unit.weekly.test_date_range" name="test_current_week_sunday_start" time="0.000" /><testcase classname="tests.unit.weekly.test_date_range" name="test_last_week_cross_month" time="0.000" /><testcase classname="tests.unit.weekly.test_date_range" name="test_custom_range_and_invalid_range" time="0.000" /><testcase classname="tests.unit.weekly.test_weekly_pipeline" name="test_normalizer_binds_commit_source" time="0.000" /><testcase classname="tests.unit.weekly.test_weekly_pipeline" name="test_rule_based_generator_creates_sourced_draft" time="0.000" /><testcase classname="tests.unit.weekly.test_weekly_pipeline" name="test_fact_validator_rejects_unsourced_items" time="0.000" /><testcase classname="tests.unit.weekly.test_weekly_pipeline" name="test_weekly_exporters_render_sources" time="0.001" /></testsuite></testsuites>